<?xml version="1.0" encoding="UTF-8"?>
<testng-results skipped="0" failed="0" total="1" passed="1">
  <reporter-output>
  </reporter-output>
  <suite name="Default suite" duration-ms="56292" started-at="2020-05-02T07:21:22Z" finished-at="2020-05-02T07:22:18Z">
    <groups>
    </groups>
    <test name="Default test" duration-ms="56292" started-at="2020-05-02T07:21:22Z" finished-at="2020-05-02T07:22:18Z">
      <class name="build.com.Automation.testCases.NewUserOnlineOrder">
        <test-method status="PASS" signature="onlineShoping()[pri:0, instance:build.com.Automation.testCases.NewUserOnlineOrder@67117f44]" name="onlineShoping" duration-ms="56266" started-at="2020-05-02T12:51:22Z" finished-at="2020-05-02T12:52:18Z">
          <reporter-output>
          </reporter-output>
        </test-method> <!-- onlineShoping -->
      </class> <!-- build.com.Automation.testCases.NewUserOnlineOrder -->
    </test> <!-- Default test -->
  </suite> <!-- Default suite -->
</testng-results>
